b.e21.B1850CAM5.f09_g17.26ka-spinup.001 is running: False (9504662)
b.e21.B1850CAM5.f09_g17.26ka-spinup.001 is running: False (9504662)
b.e21.B1850CAM5.f09_g17.26ka-spinup.001 is running: False (9504662)
b.e21.B1850CAM5.f09_g17.26ka-spinup.001 is running: False (9504662)
b.e21.B1850CAM5.f09_g17.26ka-spinup.001 is running: False (9504662)
b.e21.B1850CAM5.f09_g17.26ka-spinup.001 is running: False (9504662)
b.e21.B1850CAM5.f09_g17.26ka-spinup.001 is running: False (9504662)
b.e21.B1850CAM5.f09_g17.26ka-spinup.001 is running: False (9504662)
b.e21.B1850CAM5.f09_g17.26ka-spinup.001 is running: False (9504662)
b.e21.B1850CAM5.f09_g17.26ka-spinup.001 is running: False (9504662)
b.e21.B1850CAM5.f09_g17.26ka-spinup.001 is running: False (9504662)
b.e21.B1850CAM5.f09_g17.26ka-spinup.001 is running: False (9504662)
b.e21.B1850CAM5.f09_g17.26ka-spinup.001 is running: False (9504662)
b.e21.B1850CAM5.f09_g17.26ka-spinup.001 is running: False (9504662)
b.e21.B1850CAM5.f09_g17.26ka-spinup.001 is running: False (9504662)
b.e21.B1850CAM5.f09_g17.26ka-spinup.001 is running: False (9504662)
b.e21.B1850CAM5.f09_g17.26ka-spinup.001 is running: False (9504662)
b.e21.B1850CAM5.f09_g17.26ka-spinup.001 is running: False (9504662)
b.e21.B1850CAM5.f09_g17.26ka-spinup.001 is running: False (9504662)
b.e21.B1850CAM5.f09_g17.26ka-spinup.001 is running: False (9504662)
b.e21.B1850CAM5.f09_g17.26ka-spinup.001 is running: False (9504662)
b.e21.B1850CAM5.f09_g17.26ka-spinup.001 is running: False (9504662)
b.e21.B1850CAM5.f09_g17.26ka-spinup.001 is running: False (9504662)
b.e21.B1850CAM5.f09_g17.26ka-spinup.001 is running: False (9504662)
b.e21.B1850CAM5.f09_g17.26ka-spinup.001 is running: False (9504662)
b.e21.B1850CAM5.f09_g17.26ka-spinup.001 is running: False (9504662)
b.e21.B1850CAM5.f09_g17.26ka-spinup.001 is running: False (9504662)
b.e21.B1850CAM5.f09_g17.26ka-spinup.001 is running: False (9504662)
b.e21.B1850CAM5.f09_g17.26ka-spinup.001 is running: False (9504662)
b.e21.B1850CAM5.f09_g17.26ka-spinup.001 is running: False (9504662)
b.e21.B1850CAM5.f09_g17.26ka-spinup.001 is running: False (9504662)
b.e21.B1850CAM5.f09_g17.26ka-spinup.001 is running: False (9504662)
b.e21.B1850CAM5.f09_g17.26ka-spinup.001 is running: False (9504662)
b.e21.B1850CAM5.f09_g17.26ka-spinup.001 is running: False (9504662)
b.e21.B1850CAM5.f09_g17.26ka-spinup.001 is running: True (9504662)
Reading cpl file: /scratch-shared/raymond/b.e21.B1850CAM5.f09_g17.26ka-spinup.001/run/cpl.log.9504662.210129-025727
(component_init_cc:mct) : Initialize component glc
(component_init_cc:mct) : Initialize component glc
 memory_write: model date =   01670104       0 memory =      -0.00 MB (highwater)        838.50 MB (usage)  (pe=    0 comps= cpl ATM LND GLC WAV ESP)
 memory_write: model date =   01670123       0 memory =      -0.00 MB (highwater)        838.50 MB (usage)  (pe=    0 comps= cpl ATM LND GLC WAV ESP)
 memory_write: model date =   01670210       0 memory =      -0.00 MB (highwater)        838.50 MB (usage)  (pe=    0 comps= cpl ATM LND GLC WAV ESP)
 memory_write: model date =   01670301       0 memory =      -0.00 MB (highwater)        838.50 MB (usage)  (pe=    0 comps= cpl ATM LND GLC WAV ESP)
 memory_write: model date =   01670320       0 memory =      -0.00 MB (highwater)        838.50 MB (usage)  (pe=    0 comps= cpl ATM LND GLC WAV ESP)
 memory_write: model date =   01670408       0 memory =      -0.00 MB (highwater)        838.50 MB (usage)  (pe=    0 comps= cpl ATM LND GLC WAV ESP)
 memory_write: model date =   01670428       0 memory =      -0.00 MB (highwater)        838.50 MB (usage)  (pe=    0 comps= cpl ATM LND GLC WAV ESP)
 memory_write: model date =   01670516       0 memory =      -0.00 MB (highwater)        838.50 MB (usage)  (pe=    0 comps= cpl ATM LND GLC WAV ESP)
 memory_write: model date =   01670604       0 memory =      -0.00 MB (highwater)        838.50 MB (usage)  (pe=    0 comps= cpl ATM LND GLC WAV ESP)
 memory_write: model date =   01670624       0 memory =      -0.00 MB (highwater)        838.50 MB (usage)  (pe=    0 comps= cpl ATM LND GLC WAV ESP)
 memory_write: model date =   01670713       0 memory =      -0.00 MB (highwater)        838.50 MB (usage)  (pe=    0 comps= cpl ATM LND GLC WAV ESP)
 memory_write: model date =   01670731       0 memory =      -0.00 MB (highwater)        838.50 MB (usage)  (pe=    0 comps= cpl ATM LND GLC WAV ESP)
 memory_write: model date =   01670820       0 memory =      -0.00 MB (highwater)        838.50 MB (usage)  (pe=    0 comps= cpl ATM LND GLC WAV ESP)
 memory_write: model date =   01670907       0 memory =      -0.00 MB (highwater)        838.50 MB (usage)  (pe=    0 comps= cpl ATM LND GLC WAV ESP)
 memory_write: model date =   01670927       0 memory =      -0.00 MB (highwater)        838.50 MB (usage)  (pe=    0 comps= cpl ATM LND GLC WAV ESP)
 memory_write: model date =   01671016       0 memory =      -0.00 MB (highwater)        838.50 MB (usage)  (pe=    0 comps= cpl ATM LND GLC WAV ESP)
 memory_write: model date =   01671104       0 memory =      -0.00 MB (highwater)        838.50 MB (usage)  (pe=    0 comps= cpl ATM LND GLC WAV ESP)
 memory_write: model date =   01671124       0 memory =      -0.00 MB (highwater)        838.50 MB (usage)  (pe=    0 comps= cpl ATM LND GLC WAV ESP)
 memory_write: model date =   01671213       0 memory =      -0.00 MB (highwater)        838.50 MB (usage)  (pe=    0 comps= cpl ATM LND GLC WAV ESP)
 memory_write: model date =   01671231       0 memory =      -0.00 MB (highwater)        838.50 MB (usage)  (pe=    0 comps= cpl ATM LND GLC WAV ESP)
 memory_write: model date =   01680111       0 memory =      -0.00 MB (highwater)        838.50 MB (usage)  (pe=    0 comps= cpl ATM LND GLC WAV ESP)
 memory_write: model date =   01680131       0 memory =      -0.00 MB (highwater)        838.50 MB (usage)  (pe=    0 comps= cpl ATM LND GLC WAV ESP)
 memory_write: model date =   01680219       0 memory =      -0.00 MB (highwater)        838.50 MB (usage)  (pe=    0 comps= cpl ATM LND GLC WAV ESP)
 memory_write: model date =   01680309       0 memory =      -0.00 MB (highwater)        838.50 MB (usage)  (pe=    0 comps= cpl ATM LND GLC WAV ESP)
 memory_write: model date =   01680329       0 memory =      -0.00 MB (highwater)        838.50 MB (usage)  (pe=    0 comps= cpl ATM LND GLC WAV ESP)
 memory_write: model date =   01680416       0 memory =      -0.00 MB (highwater)        838.50 MB (usage)  (pe=    0 comps= cpl ATM LND GLC WAV ESP)
 memory_write: model date =   01680505       0 memory =      -0.00 MB (highwater)        838.50 MB (usage)  (pe=    0 comps= cpl ATM LND GLC WAV ESP)
 memory_write: model date =   01680525       0 memory =      -0.00 MB (highwater)        838.50 MB (usage)  (pe=    0 comps= cpl ATM LND GLC WAV ESP)
 memory_write: model date =   01680613       0 memory =      -0.00 MB (highwater)        838.50 MB (usage)  (pe=    0 comps= cpl ATM LND GLC WAV ESP)
 memory_write: model date =   01680701       0 memory =      -0.00 MB (highwater)        838.50 MB (usage)  (pe=    0 comps= cpl ATM LND GLC WAV ESP)
 memory_write: model date =   01680721       0 memory =      -0.00 MB (highwater)        838.50 MB (usage)  (pe=    0 comps= cpl ATM LND GLC WAV ESP)
 memory_write: model date =   01680809       0 memory =      -0.00 MB (highwater)        838.50 MB (usage)  (pe=    0 comps= cpl ATM LND GLC WAV ESP)
 memory_write: model date =   01680828       0 memory =      -0.00 MB (highwater)        838.50 MB (usage)  (pe=    0 comps= cpl ATM LND GLC WAV ESP)
 memory_write: model date =   01680914       0 memory =      -0.00 MB (highwater)        838.50 MB (usage)  (pe=    0 comps= cpl ATM LND GLC WAV ESP)
 memory_write: model date =   01681003       0 memory =      -0.00 MB (highwater)        838.50 MB (usage)  (pe=    0 comps= cpl ATM LND GLC WAV ESP)
 memory_write: model date =   01681023       0 memory =      -0.00 MB (highwater)        838.50 MB (usage)  (pe=    0 comps= cpl ATM LND GLC WAV ESP)
 memory_write: model date =   01681112       0 memory =      -0.00 MB (highwater)        838.50 MB (usage)  (pe=    0 comps= cpl ATM LND GLC WAV ESP)
 memory_write: model date =   01681201       0 memory =      -0.00 MB (highwater)        838.50 MB (usage)  (pe=    0 comps= cpl ATM LND GLC WAV ESP)
 memory_write: model date =   01681220       0 memory =      -0.00 MB (highwater)        838.50 MB (usage)  (pe=    0 comps= cpl ATM LND GLC WAV ESP)
 b.e21.B1850CAM5.f09_g17.26ka-spinup.001.cpl.hi.0169-01-01-00000.nc
 memory_write: model date =   01690119       0 memory =      -0.00 MB (highwater)        838.50 MB (usage)  (pe=    0 comps= cpl ATM LND GLC WAV ESP)
 memory_write: model date =   01690207       0 memory =      -0.00 MB (highwater)        838.50 MB (usage)  (pe=    0 comps= cpl ATM LND GLC WAV ESP)
 memory_write: model date =   01690226       0 memory =      -0.00 MB (highwater)        838.50 MB (usage)  (pe=    0 comps= cpl ATM LND GLC WAV ESP)
 memory_write: model date =   01690317       0 memory =      -0.00 MB (highwater)        838.50 MB (usage)  (pe=    0 comps= cpl ATM LND GLC WAV ESP)
 memory_write: model date =   01690405       0 memory =      -0.00 MB (highwater)        838.50 MB (usage)  (pe=    0 comps= cpl ATM LND GLC WAV ESP)
 memory_write: model date =   01690425       0 memory =      -0.00 MB (highwater)        838.50 MB (usage)  (pe=    0 comps= cpl ATM LND GLC WAV ESP)
 memory_write: model date =   01690515       0 memory =      -0.00 MB (highwater)        838.50 MB (usage)  (pe=    0 comps= cpl ATM LND GLC WAV ESP)
 memory_write: model date =   01690602       0 memory =      -0.00 MB (highwater)        838.50 MB (usage)  (pe=    0 comps= cpl ATM LND GLC WAV ESP)
 memory_write: model date =   01690622       0 memory =      -0.00 MB (highwater)        838.50 MB (usage)  (pe=    0 comps= cpl ATM LND GLC WAV ESP)
 memory_write: model date =   01690711       0 memory =      -0.00 MB (highwater)        838.50 MB (usage)  (pe=    0 comps= cpl ATM LND GLC WAV ESP)
 memory_write: model date =   01690730       0 memory =      -0.00 MB (highwater)        838.50 MB (usage)  (pe=    0 comps= cpl ATM LND GLC WAV ESP)
 memory_write: model date =   01690818       0 memory =      -0.00 MB (highwater)        838.50 MB (usage)  (pe=    0 comps= cpl ATM LND GLC WAV ESP)
Traceback (most recent call last):
  File "slurm_hanging_run.py", line 127, in <module>
    main()
  File "slurm_hanging_run.py", line 103, in main
    time.sleep(60*5) # Wait 5 min
KeyboardInterrupt
